<?xml version="1.0" encoding="UTF-8"?>
<!-- Generated by org.testng.reporters.JUnitReportReporter -->
<testsuite hostname="DESKTOP-4P9T3E0" failures="0" tests="4" name="GeometryTest.GeometryTest" time="0.017" errors="0" timestamp="2023-05-20T21:11:56 BST" skipped="0">
  <testcase classname="GeometryTest.GeometryTest" name="testAreaRect4" time="0.001"/>
  <system-out/>
  <testcase classname="GeometryTest.GeometryTest" name="testAreaRect1" time="0.013"/>
  <system-out/>
  <testcase classname="GeometryTest.GeometryTest" name="testAreaRect2" time="0.002"/>
  <system-out/>
  <testcase classname="GeometryTest.GeometryTest" name="testAreaRect3" time="0.001"/>
  <system-out/>
</testsuite> <!-- GeometryTest.GeometryTest -->
